


ARM Macro Assembler    Page 1 


    1 00000000         ;****************** main.s ***************
    2 00000000         ; Program written by: *** ... ***
    3 00000000         ; Date Created: ...
    4 00000000         ; Last Modified: ...
    5 00000000         ; Brief description of the program
    6 00000000         ;   The LED toggles at 8 Hz and a varying duty-cycle
    7 00000000         ;   Repeat the functionality from Lab2-3 but now we want
                        you to 
    8 00000000         ;   insert debugging instruments which gather data (stat
                       e and timing)
    9 00000000         ;   to verify that the system is functioning as expected
                       .
   10 00000000         ; Hardware connections (External: One button and one LED
                       )
   11 00000000         ;  PE1 is Button input  (1 means pressed, 0 means not pr
                       essed)
   12 00000000         ;  PE0 is LED output (1 activates external LED on protob
                       oard)
   13 00000000         ;  PF2 is Blue LED on Launchpad used as a heartbeat
   14 00000000         ; Instrumentation data to be gathered is as follows:
   15 00000000         ; After Button(PE1) press collect one state and time ent
                       ry. 
   16 00000000         ; After Buttin(PE1) release, collect 7 state and
   17 00000000         ; time entries on each change in state of the LED(PE0): 
                       
   18 00000000         ; An entry is one 8-bit entry in the Data Buffer and one
                        
   19 00000000         ; 32-bit entry in the Time Buffer
   20 00000000         ;  The Data Buffer entry (byte) content has:
   21 00000000         ;    Lower nibble is state of LED (PE0)
   22 00000000         ;    Higher nibble is state of Button (PE1)
   23 00000000         ;  The Time Buffer entry (32-bit) has:
   24 00000000         ;    24-bit value of the SysTick's Current register (NVI
                       C_ST_CURRENT_R)
   25 00000000         ; Note: The size of both buffers is 50 entries. Once you
                        fill these
   26 00000000         ;       entries you should stop collecting data
   27 00000000         ; The heartbeat is an indicator of the running of the pr
                       ogram. 
   28 00000000         ; On each iteration of the main loop of your program tog
                       gle the 
   29 00000000         ; LED to indicate that your code(system) is live (not st
                       uck or dead).
   30 00000000         
   31 00000000         ; Please feel free to add your favorite symbol here (:p)
                       
   32 00000000         ;    \\ 
   33 00000000         ;    (o>
   34 00000000         ; \\_//)
   35 00000000         ;   \_/_)
   36 00000000         ;   _|_
   37 00000000         
   38 00000000         ;-------------------------------------------------------
                       --------- Definition -----------------------------------
                       ----------------------------
   39 00000000         ; PortE device registers 
   40 00000000 400243FC 
                       GPIO_PORTE_DATA_R
                               EQU              0x400243FC



ARM Macro Assembler    Page 2 


   41 00000000 40024400 
                       GPIO_PORTE_DIR_R
                               EQU              0x40024400
   42 00000000 40024420 
                       GPIO_PORTE_AFSEL_R
                               EQU              0x40024420
   43 00000000 4002451C 
                       GPIO_PORTE_DEN_R
                               EQU              0x4002451C
   44 00000000         ; PortF device registers
   45 00000000 400253FC 
                       GPIO_PORTF_DATA_R
                               EQU              0x400253FC
   46 00000000 40025400 
                       GPIO_PORTF_DIR_R
                               EQU              0x40025400
   47 00000000 40025420 
                       GPIO_PORTF_AFSEL_R
                               EQU              0x40025420
   48 00000000 40025510 
                       GPIO_PORTF_PUR_R
                               EQU              0x40025510
   49 00000000 4002551C 
                       GPIO_PORTF_DEN_R
                               EQU              0x4002551C
   50 00000000         ;peripheral clock registers
   51 00000000 400FE608 
                       SYSCTL_RCGCGPIO_R
                               EQU              0x400FE608
   52 00000000         ;address for the pins PE0, PE1, and PF4
   53 00000000         ;can be used instead of ..._DATA_R, this way we don't ha
                       ve to mask to specific pin
   54 00000000 40024004 
                       PE0     EQU              0x40024004
   55 00000000 40024008 
                       PE1     EQU              0x40024008
   56 00000000 40025040 
                       PF4     EQU              0x40025040
   57 00000000         ;8 bit Address Length (depends on the placement of the D
                       ataBuffer in the RAM, need to 1st thing iitialize)
   58 00000000 20000032 
                       NEntries
                               EQU              0x20000032
   59 00000000         ;Systicks timer
   60 00000000 E000E018 
                       NVIC_ST_CURRENT_R
                               EQU              0xE000E018
   61 00000000         ;-------------------------------------------------------
                       ----- End of Definition --------------------------------
                       ---------------------------
   62 00000000                 THUMB                        ;using THUMB assemb
                                                            ly instruction set
   63 00000000         
   64 00000000                 IMPORT           PLL_Init    ;From MCU_Clock to 
                                                            setup 80MHz process
                                                            or clock 
   65 00000000                 IMPORT           Delay_10us  ;From SysTick to de
                                                            lay 10us
   66 00000000                 IMPORT           SysTick_Init ;From SysTick to i



ARM Macro Assembler    Page 3 


                                                            nitialize Ticks for
                                                             Delay
   67 00000000                 IMPORT           Delay_1250ns ;From SysTick to d
                                                            elay 1250ns
   68 00000000         
   69 00000000                 AREA             DATA,ALIGN=2
   70 00000000         
   71 00000000         ;DataBuffer   Storing the PE1 (the button) and the PE0 (
                       LED) state for debugging 
   72 00000000         ;TimeBuffer  Storing the time stamp of each state for de
                       bugging 
   73 00000000         ;DataPt   DataBuffer pointer for the 8 bit array
   74 00000000         ;TimePt   TimeBuffer pointer for the 32 bit array
   75 00000000         ;DebugCounter Debug_Capture counter (7 times)
   76 00000000         
   77 00000000         ;LedOnTime  Store the LedOnTime (8 bit) in the RAM
   78 00000000         ;LedOffTime  Store the LedOffTime (8 bit) in the RAM
   79 00000000         
   80 00000000                 AREA             |.text|, CODE, READONLY, ALIGN=
2
   81 00000000         
   82 00000000                 EXPORT           Start
   83 00000000         
   84 00000000         ;-------------------------------------------------------
                       ----------- Start --------------------------------------
                       ----------------------------
   85 00000000         Start
   86 00000000 F000 F810       BL               Debug_Init  ;Initialize Debug
   87 00000004 F7FF FFFE       BL               PLL_Init    ;Setup the system c
                                                            lock
   88 00000008 F7FF FFFE       BL               SysTick_Init ;Setup the Delay F
                                                            unction***
   89 0000000C F000 F80F       BL               init_pins   ;Initialize all the
                                                             pins***
   90 00000010 F000 F80C       BL               init_variables ;Initialize glob
                                                            al variables***
   91 00000014         ;-------------------------------------------------------
                       ----------- Loop ---------------------------------------
                       ----------------------------
   92 00000014         loop
   93 00000014 F000 F808       BL               check_pin_E1 ;Check to see if t
                                                            he button on PE1 wa
                                                            s pressed
   94 00000018 F000 F805       BL               blink_8Hz   ;Blink LED at 8Hz
   95 0000001C F000 F805       BL               toggle_blue_led ;Heartbeat debu
                                                            gging
   96 00000020 E7F8            B                loop        ;Infinite loop
   97 00000022         ;-------------------------------------------------------
                       ------- End of Loop ------------------------------------
                       ----------------------------
   98 00000022         
   99 00000022         ;-------------------------------------------------------
                       ------ Debug_Capture -----------------------------------
                       ----------------------------
  100 00000022         Debug_Capture
  101 00000022         ;Write your code here
  102 00000022 4770            BX               LR          ;Go Back   
  103 00000024         ;-------------------------------------------------------
                       -- End of Debug_Capture --------------------------------



ARM Macro Assembler    Page 4 


                       ----------------------------
  104 00000024         
  105 00000024         ;-------------------------------------------------------
                       -------- Debug_Init ------------------------------------
                       ----------------------------
  106 00000024         Debug_Init
  107 00000024         ;Write your code here 
  108 00000024 4770            BX               LR          ;Go Back   
  109 00000026         ;-------------------------------------------------------
                       ---- End of Debug_Init ---------------------------------
                       ----------------------------
  110 00000026         
  111 00000026         ;-------------------------------------------------------
                       -------- blink_8Hz -------------------------------------
                       ----------------------------
  112 00000026         ;Each paulse takes 125ms
  113 00000026         blink_8Hz
  114 00000026         ;Write your code here
  115 00000026 4770            BX               LR          ;Go Back
  116 00000028         ;-------------------------------------------------------
                       ----- End of blink_8Hz ---------------------------------
                       ----------------------------
  117 00000028         
  118 00000028         ;-------------------------------------------------------
                       ------- check_pin_E1 -----------------------------------
                       ----------------------------
  119 00000028         check_pin_E1
  120 00000028         ;Write your code here
  121 00000028 4770            BX               LR          ;Go Back
  122 0000002A         ;-------------------------------------------------------
                       --- End of check_pin_E1 --------------------------------
                       ----------------------------
  123 0000002A         
  124 0000002A         ;-------------------------------------------------------
                       ----- toggle_blue_led ----------------------------------
                       ----------------------------
  125 0000002A         toggle_blue_led
  126 0000002A         ;Write your code here
  127 0000002A 4770            BX               LR          ;Go Back
  128 0000002C         ;-------------------------------------------------------
                       -- End of toggle_blue_led ------------------------------
                       ----------------------------
  129 0000002C         
  130 0000002C         ;-------------------------------------------------------
                       ------ init_variables ----------------------------------
                       ----------------------------
  131 0000002C         init_variables
  132 0000002C         ;Write your code here
  133 0000002C 4770            BX               LR          ;Go Back
  134 0000002E         ;-------------------------------------------------------
                       -- End of init_variables -------------------------------
                       ----------------------------
  135 0000002E         
  136 0000002E         ;-------------------------------------------------------
                       ---------- init ----------------------------------------
                       ----------------------------
  137 0000002E         init_pins
  138 0000002E         ;Write your code here
  139 0000002E 4770            BX               LR          ;Go Back



ARM Macro Assembler    Page 5 


  140 00000030         ;-------------------------------------------------------
                       ----------- End of init --------------------------------
                       ------------------------------
  141 00000030         
  142 00000030                 ALIGN                        ; make sure the end
                                                             of this section is
                                                             aligned
  143 00000030                 END                          ; end of file
Command Line: --debug --xref --cpu=Cortex-M4.fp --apcs=interwork --depend=.\mai
n.d -o.\main.o -IC:\Keil\ARM\RV31\INC -IC:\Keil\ARM\CMSIS\Include -IC:\Keil\ARM
\Inc\TI\TM4C123 --predefine="__EVAL SETA 1" --list=.\main.lst main.s



ARM Macro Assembler    Page 1 Alphabetic symbol ordering
Relocatable symbols

DATA 00000000

Symbol: DATA
   Definitions
      At line 69 in file main.s
   Uses
      None
Comment: DATA unused
1 symbol



ARM Macro Assembler    Page 1 Alphabetic symbol ordering
Relocatable symbols

.text 00000000

Symbol: .text
   Definitions
      At line 80 in file main.s
   Uses
      None
Comment: .text unused
Debug_Capture 00000022

Symbol: Debug_Capture
   Definitions
      At line 100 in file main.s
   Uses
      None
Comment: Debug_Capture unused
Debug_Init 00000024

Symbol: Debug_Init
   Definitions
      At line 106 in file main.s
   Uses
      At line 86 in file main.s
Comment: Debug_Init used once
Start 00000000

Symbol: Start
   Definitions
      At line 85 in file main.s
   Uses
      At line 82 in file main.s
Comment: Start used once
blink_8Hz 00000026

Symbol: blink_8Hz
   Definitions
      At line 113 in file main.s
   Uses
      At line 94 in file main.s
Comment: blink_8Hz used once
check_pin_E1 00000028

Symbol: check_pin_E1
   Definitions
      At line 119 in file main.s
   Uses
      At line 93 in file main.s
Comment: check_pin_E1 used once
init_pins 0000002E

Symbol: init_pins
   Definitions
      At line 137 in file main.s
   Uses
      At line 89 in file main.s
Comment: init_pins used once
init_variables 0000002C

Symbol: init_variables



ARM Macro Assembler    Page 2 Alphabetic symbol ordering
Relocatable symbols

   Definitions
      At line 131 in file main.s
   Uses
      At line 90 in file main.s
Comment: init_variables used once
loop 00000014

Symbol: loop
   Definitions
      At line 92 in file main.s
   Uses
      At line 96 in file main.s
Comment: loop used once
toggle_blue_led 0000002A

Symbol: toggle_blue_led
   Definitions
      At line 125 in file main.s
   Uses
      At line 95 in file main.s
Comment: toggle_blue_led used once
10 symbols



ARM Macro Assembler    Page 1 Alphabetic symbol ordering
Absolute symbols

GPIO_PORTE_AFSEL_R 40024420

Symbol: GPIO_PORTE_AFSEL_R
   Definitions
      At line 42 in file main.s
   Uses
      None
Comment: GPIO_PORTE_AFSEL_R unused
GPIO_PORTE_DATA_R 400243FC

Symbol: GPIO_PORTE_DATA_R
   Definitions
      At line 40 in file main.s
   Uses
      None
Comment: GPIO_PORTE_DATA_R unused
GPIO_PORTE_DEN_R 4002451C

Symbol: GPIO_PORTE_DEN_R
   Definitions
      At line 43 in file main.s
   Uses
      None
Comment: GPIO_PORTE_DEN_R unused
GPIO_PORTE_DIR_R 40024400

Symbol: GPIO_PORTE_DIR_R
   Definitions
      At line 41 in file main.s
   Uses
      None
Comment: GPIO_PORTE_DIR_R unused
GPIO_PORTF_AFSEL_R 40025420

Symbol: GPIO_PORTF_AFSEL_R
   Definitions
      At line 47 in file main.s
   Uses
      None
Comment: GPIO_PORTF_AFSEL_R unused
GPIO_PORTF_DATA_R 400253FC

Symbol: GPIO_PORTF_DATA_R
   Definitions
      At line 45 in file main.s
   Uses
      None
Comment: GPIO_PORTF_DATA_R unused
GPIO_PORTF_DEN_R 4002551C

Symbol: GPIO_PORTF_DEN_R
   Definitions
      At line 49 in file main.s
   Uses
      None
Comment: GPIO_PORTF_DEN_R unused
GPIO_PORTF_DIR_R 40025400

Symbol: GPIO_PORTF_DIR_R



ARM Macro Assembler    Page 2 Alphabetic symbol ordering
Absolute symbols

   Definitions
      At line 46 in file main.s
   Uses
      None
Comment: GPIO_PORTF_DIR_R unused
GPIO_PORTF_PUR_R 40025510

Symbol: GPIO_PORTF_PUR_R
   Definitions
      At line 48 in file main.s
   Uses
      None
Comment: GPIO_PORTF_PUR_R unused
NEntries 20000032

Symbol: NEntries
   Definitions
      At line 58 in file main.s
   Uses
      None
Comment: NEntries unused
NVIC_ST_CURRENT_R E000E018

Symbol: NVIC_ST_CURRENT_R
   Definitions
      At line 60 in file main.s
   Uses
      None
Comment: NVIC_ST_CURRENT_R unused
PE0 40024004

Symbol: PE0
   Definitions
      At line 54 in file main.s
   Uses
      None
Comment: PE0 unused
PE1 40024008

Symbol: PE1
   Definitions
      At line 55 in file main.s
   Uses
      None
Comment: PE1 unused
PF4 40025040

Symbol: PF4
   Definitions
      At line 56 in file main.s
   Uses
      None
Comment: PF4 unused
SYSCTL_RCGCGPIO_R 400FE608

Symbol: SYSCTL_RCGCGPIO_R
   Definitions
      At line 51 in file main.s
   Uses



ARM Macro Assembler    Page 3 Alphabetic symbol ordering
Absolute symbols

      None
Comment: SYSCTL_RCGCGPIO_R unused
15 symbols



ARM Macro Assembler    Page 1 Alphabetic symbol ordering
External symbols

Delay_10us 00000000

Symbol: Delay_10us
   Definitions
      At line 65 in file main.s
   Uses
      None
Comment: Delay_10us unused
Delay_1250ns 00000000

Symbol: Delay_1250ns
   Definitions
      At line 67 in file main.s
   Uses
      None
Comment: Delay_1250ns unused
PLL_Init 00000000

Symbol: PLL_Init
   Definitions
      At line 64 in file main.s
   Uses
      At line 87 in file main.s
Comment: PLL_Init used once
SysTick_Init 00000000

Symbol: SysTick_Init
   Definitions
      At line 66 in file main.s
   Uses
      At line 88 in file main.s
Comment: SysTick_Init used once
4 symbols
362 symbols in table
