


ARM Macro Assembler    Page 1 


    1 00000000         ; Print.s
    2 00000000         ; Student names: change this to your names or look very 
                       silly
    3 00000000         ; Last modification date: change this to the last modifi
                       cation date or look very silly
    4 00000000         ; Runs on LM4F120 or TM4C123
    5 00000000         ; EE319K lab 7 device driver for any LCD
    6 00000000         ;
    7 00000000         ; As part of Lab 7, students need to implement these LCD
                       _OutDec and LCD_OutFix
    8 00000000         ; This driver assumes two low-level LCD functions
    9 00000000         ; ST7735_OutChar   outputs a single 8-bit ASCII characte
                       r
   10 00000000         ; ST7735_OutString outputs a null-terminated string 
   11 00000000         
   12 00000000                 IMPORT           ST7735_OutChar
   13 00000000                 IMPORT           ST7735_OutString
   14 00000000                 EXPORT           LCD_OutDec
   15 00000000                 EXPORT           LCD_OutFix
   16 00000000         
   17 00000000         
   18 00000000                 AREA             |.text|, CODE, READONLY, ALIGN=
2
   19 00000000         
   20 00000000                 THUMB
   21 00000000                 PRESERVE8        {TRUE}
   22 00000000         
   23 00000000         
   24 00000000         ;-----------------------LCD_OutDec----------------------
                       -
   25 00000000         ; Output a 32-bit number in unsigned decimal format
   26 00000000         ; Input: R0 (call by value) 32-bit unsigned number
   27 00000000         ; Output: none
   28 00000000         ; Invariables: This function must not permanently modify
                        registers R4 to R11
   29 00000000         LCD_OutDec
   30 00000000 B510            PUSH             {R4, LR}
   31 00000002 F04F 020A       MOV              R2, #10     ; R2 = 10 = divisor
                                                            
   32 00000006 F04F 0400       MOV              R4, #0      ; R4 = 0 = cnt
   33 0000000A         
   34 0000000A         
   35 0000000A         ODloop
   36 0000000A FBB0 F3F2       UDIV             R3, R0, R2  ; R3 = N/10
   37 0000000E FB03 F102       MUL              R1, R3, R2  ; R1 = N/10*10
   38 00000012 EBA0 0101       SUB              R1, R0, R1  ; R1 = N%10
   39 00000016 B402            PUSH             {R1}        ; save value
   40 00000018 F104 0401       ADD              R4, R4, #1  ; cnt = cnt + 1
   41 0000001C 0018            MOVS             R0, R3      ; R0 N = N/10
   42 0000001E 2800            CMP              R0, #0      ; is N == 0?
   43 00000020 D1F3            BNE              ODloop      ; if not continue
   44 00000022         
   45 00000022         
   46 00000022         ODout
   47 00000022 BC01            POP              {R0}        ; restore into R0
   48 00000024 F100 0030       ADD              R0, R0, #'0' ; convert ASCII
   49 00000028 F7FF FFFE       BL               ST7735_OutChar 
                                                            ; print character
   50 0000002C 1E64            SUBS             R4, R4, #1  ; cnt = cnt – 1



ARM Macro Assembler    Page 2 


   51 0000002E 2C00            CMP              R4, #0      ; is cnt == 0?
   52 00000030 D1F7            BNE              ODout       ; if not continue
   53 00000032 E8BD 4010       POP              {R4, LR}    ; restore
   54 00000036 4770            BX               LR          ; return
   55 00000038         
   56 00000038 4770            BX               LR
   57 0000003A         
   58 0000003A         
   59 0000003A 4770            BX               LR
   60 0000003C         ;* * * * * * * * End of LCD_OutDec * * * * * * * *
   61 0000003C         
   62 0000003C         ; -----------------------LCD _OutFix--------------------
                       --
   63 0000003C         ; Output characters to LCD display in fixed-point format
                       
   64 0000003C         ; unsigned decimal, resolution 0.001, range 0.000 to 9.9
                       99
   65 0000003C         ; Inputs:  R0 is an unsigned 32-bit number
   66 0000003C         ; Outputs: none
   67 0000003C         ; E.g., R0=0,    then output "0.000 "
   68 0000003C         ;       R0=3,    then output "0.003 "
   69 0000003C         ;       R0=89,   then output "0.089 "
   70 0000003C         ;       R0=123,  then output "0.123 "
   71 0000003C         ;       R0=9999, then output "9.999 "
   72 0000003C         ;       R0>9999, then output "*.*** "
   73 0000003C         ; Invariables: This function must not permanently modify
                        registers R4 to R11
   74 0000003C         LCD_OutFix
   75 0000003C E92D 507E       PUSH             {R1-R6,R12,LR}
   76 00000040 B084            SUB              SP,#0x10
   77 00000042         
   78 00000042 4605            MOV              R5,R0
   79 00000044 F04F 0103       MOV              R1,#3
   80 00000048 466B            MOV              R3,SP
   81 0000004A F04F 020A       MOV              R2,#10
   82 0000004E F04F 0C00       MOV              R12,#0
   83 00000052         
   84 00000052         
   85 00000052         First
   86 00000052 6099            STR              R1,[R3,#8]
   87 00000054 F04F 0401       MOV              R4,#1
   88 00000058 2902            CMP              R1,#2
   89 0000005A D105            BNE              Second
   90 0000005C B43F            PUSH             {R0-R5}
   91 0000005E F04F 002E       MOV              R0,#0x2E
   92 00000062 F7FF FFFE       BL               ST7735_OutChar
   93 00000066 BC3F            POP              {R0-R5}
   94 00000068         
   95 00000068         
   96 00000068         Second
   97 00000068 F051 0100       ORRS             R1,#0
   98 0000006C D003            BEQ              Fourth
   99 0000006E         
  100 0000006E         
  101 0000006E         Third
  102 0000006E FB04 F402       MUL              R4,R2
  103 00000072 3901            SUBS             R1,#1
  104 00000074 DCFB            BGT              Third
  105 00000076         



ARM Macro Assembler    Page 3 


  106 00000076         
  107 00000076         Fourth
  108 00000076 FBB5 F0F4       UDIV             R0,R5,R4
  109 0000007A 6899            LDR              R1,[R3,#8]
  110 0000007C 280A            CMP              R0,#0x0A
  111 0000007E D503            BPL              Fifth
  112 00000080 F05C 0C00       ORRS             R12,#0
  113 00000084 D100            BNE              Fifth
  114 00000086 E004            B                Sixth
  115 00000088         
  116 00000088         
  117 00000088         Fifth
  118 00000088 F04F 002A       MOV              R0,#0x2A
  119 0000008C F04F 0C01       MOV              R12,#1
  120 00000090 E001            B                Seventh
  121 00000092         
  122 00000092         
  123 00000092         Sixth
  124 00000092 F100 0030       ADD              R0,#0x30
  125 00000096         
  126 00000096         
  127 00000096         Seventh
  128 00000096 B43F            PUSH             {R0-R5}
  129 00000098 F7FF FFFE       BL               ST7735_OutChar
  130 0000009C BC3F            POP              {R0-R5}
  131 0000009E F1A0 0030       SUB              R0,#0x30
  132 000000A2 FB00 F004       MUL              R0,R4
  133 000000A6 EBA5 0500       SUB              R5,R0
  134 000000AA 3901            SUBS             R1,#1
  135 000000AC D5D1            BPL              First
  136 000000AE B004            ADD              SP,#0x10
  137 000000B0 E8BD 507E       POP              {R1-R6,R12,LR}
  138 000000B4 4770            BX               LR
  139 000000B6         ;* * * * * * * * End of LCD_OutFix * * * * * * * *
  140 000000B6         
  141 000000B6 00 00           ALIGN                        ; make sure the end
                                                             of this section is
                                                             aligned
  142 000000B8                 END                          ; end of file
Command Line: --debug --xref --cpu=Cortex-M4 --apcs=interwork --depend=.\print.
d -o.\print.o -IC:\Keil\ARM\RV31\INC -IC:\Keil\ARM\CMSIS\Include -IC:\Keil\ARM\
Inc\Luminary --predefine="__EVAL SETA 1" --list=.\print.lst Print.s



ARM Macro Assembler    Page 1 Alphabetic symbol ordering
Relocatable symbols

.text 00000000

Symbol: .text
   Definitions
      At line 18 in file Print.s
   Uses
      None
Comment: .text unused
Fifth 00000088

Symbol: Fifth
   Definitions
      At line 117 in file Print.s
   Uses
      At line 111 in file Print.s
      At line 113 in file Print.s

First 00000052

Symbol: First
   Definitions
      At line 85 in file Print.s
   Uses
      At line 135 in file Print.s
Comment: First used once
Fourth 00000076

Symbol: Fourth
   Definitions
      At line 107 in file Print.s
   Uses
      At line 98 in file Print.s
Comment: Fourth used once
LCD_OutDec 00000000

Symbol: LCD_OutDec
   Definitions
      At line 29 in file Print.s
   Uses
      At line 14 in file Print.s
Comment: LCD_OutDec used once
LCD_OutFix 0000003C

Symbol: LCD_OutFix
   Definitions
      At line 74 in file Print.s
   Uses
      At line 15 in file Print.s
Comment: LCD_OutFix used once
ODloop 0000000A

Symbol: ODloop
   Definitions
      At line 35 in file Print.s
   Uses
      At line 43 in file Print.s
Comment: ODloop used once
ODout 00000022




ARM Macro Assembler    Page 2 Alphabetic symbol ordering
Relocatable symbols

Symbol: ODout
   Definitions
      At line 46 in file Print.s
   Uses
      At line 52 in file Print.s
Comment: ODout used once
Second 00000068

Symbol: Second
   Definitions
      At line 96 in file Print.s
   Uses
      At line 89 in file Print.s
Comment: Second used once
Seventh 00000096

Symbol: Seventh
   Definitions
      At line 127 in file Print.s
   Uses
      At line 120 in file Print.s
Comment: Seventh used once
Sixth 00000092

Symbol: Sixth
   Definitions
      At line 123 in file Print.s
   Uses
      At line 114 in file Print.s
Comment: Sixth used once
Third 0000006E

Symbol: Third
   Definitions
      At line 101 in file Print.s
   Uses
      At line 104 in file Print.s
Comment: Third used once
12 symbols



ARM Macro Assembler    Page 1 Alphabetic symbol ordering
External symbols

ST7735_OutChar 00000000

Symbol: ST7735_OutChar
   Definitions
      At line 12 in file Print.s
   Uses
      At line 49 in file Print.s
      At line 92 in file Print.s
      At line 129 in file Print.s

ST7735_OutString 00000000

Symbol: ST7735_OutString
   Definitions
      At line 13 in file Print.s
   Uses
      None
Comment: ST7735_OutString unused
2 symbols
345 symbols in table
