


ARM Macro Assembler    Page 1 


    1 00000000         ;ECE3436 Fall 2017
    2 00000000         ;Lab 4
    3 00000000         ;Name: put your name here or this look silly
    4 00000000         ;Copy the code from Lab 2-3 here
    5 00000000         ;Whenever you press the button to change the duty cycle,
                        call the DEBUG_CAPTURE subroutine
    6 00000000         ;to save data and time into the RAM
    7 00000000         ;Also impliment the heartbeat LED indicator, so that whe
                       never you change the duty cycle
    8 00000000         ;the heartbeat LED will flash
    9 00000000         
   10 00000000 400FE608 
                       SYSCTL_RCGCGPIO_R
                               EQU              0x400FE608
   11 00000000         ; PortE device registers
   12 00000000 400243FC 
                       GPIO_PORTE_DATA_R
                               EQU              0x400243FC
   13 00000000 40024400 
                       GPIO_PORTE_DIR_R
                               EQU              0x40024400
   14 00000000 40024420 
                       GPIO_PORTE_AFSEL_R
                               EQU              0x40024420
   15 00000000 4002451C 
                       GPIO_PORTE_DEN_R
                               EQU              0x4002451C
   16 00000000         ; PortF device registers
   17 00000000 400253FC 
                       GPIO_PORTF_DATA_R
                               EQU              0x400253FC
   18 00000000 40025400 
                       GPIO_PORTF_DIR_R
                               EQU              0x40025400
   19 00000000 40025420 
                       GPIO_PORTF_AFSEL_R
                               EQU              0x40025420
   20 00000000 40025510 
                       GPIO_PORTF_PUR_R
                               EQU              0x40025510
   21 00000000 4002551C 
                       GPIO_PORTF_DEN_R
                               EQU              0x4002551C
   22 00000000         
   23 00000000         ; CONSTANT
   24 00000000         
   25 00000000         
   26 00000000                 AREA             |.text|, CODE, READONLY, ALIGN=
2
   27 00000000                 THUMB
   28 00000000                 EXPORT           Start
   29 00000000         
   30 00000000         
   31 00000000         Start
   32 00000000         
   33 00000000         
   34 00000000         
   35 00000000                 ALIGN                        ; make sure the end
                                                             of this section is



ARM Macro Assembler    Page 2 


                                                             aligned
   36 00000000                 END                          ; end of file
Command Line: --debug --xref --cpu=Cortex-M4 --apcs=interwork --depend=.\main.d
 -o.\main.o -IC:\Keil\ARM\RV31\INC -IC:\Keil\ARM\CMSIS\Include -IC:\Keil\ARM\In
c\Luminary --predefine="__EVAL SETA 1" --list=.\main.lst main.s



ARM Macro Assembler    Page 1 Alphabetic symbol ordering
Relocatable symbols

.text 00000000

Symbol: .text
   Definitions
      At line 26 in file main.s
   Uses
      None
Comment: .text unused
Start 00000000

Symbol: Start
   Definitions
      At line 31 in file main.s
   Uses
      At line 28 in file main.s
Comment: Start used once
2 symbols



ARM Macro Assembler    Page 1 Alphabetic symbol ordering
Absolute symbols

GPIO_PORTE_AFSEL_R 40024420

Symbol: GPIO_PORTE_AFSEL_R
   Definitions
      At line 14 in file main.s
   Uses
      None
Comment: GPIO_PORTE_AFSEL_R unused
GPIO_PORTE_DATA_R 400243FC

Symbol: GPIO_PORTE_DATA_R
   Definitions
      At line 12 in file main.s
   Uses
      None
Comment: GPIO_PORTE_DATA_R unused
GPIO_PORTE_DEN_R 4002451C

Symbol: GPIO_PORTE_DEN_R
   Definitions
      At line 15 in file main.s
   Uses
      None
Comment: GPIO_PORTE_DEN_R unused
GPIO_PORTE_DIR_R 40024400

Symbol: GPIO_PORTE_DIR_R
   Definitions
      At line 13 in file main.s
   Uses
      None
Comment: GPIO_PORTE_DIR_R unused
GPIO_PORTF_AFSEL_R 40025420

Symbol: GPIO_PORTF_AFSEL_R
   Definitions
      At line 19 in file main.s
   Uses
      None
Comment: GPIO_PORTF_AFSEL_R unused
GPIO_PORTF_DATA_R 400253FC

Symbol: GPIO_PORTF_DATA_R
   Definitions
      At line 17 in file main.s
   Uses
      None
Comment: GPIO_PORTF_DATA_R unused
GPIO_PORTF_DEN_R 4002551C

Symbol: GPIO_PORTF_DEN_R
   Definitions
      At line 21 in file main.s
   Uses
      None
Comment: GPIO_PORTF_DEN_R unused
GPIO_PORTF_DIR_R 40025400

Symbol: GPIO_PORTF_DIR_R



ARM Macro Assembler    Page 2 Alphabetic symbol ordering
Absolute symbols

   Definitions
      At line 18 in file main.s
   Uses
      None
Comment: GPIO_PORTF_DIR_R unused
GPIO_PORTF_PUR_R 40025510

Symbol: GPIO_PORTF_PUR_R
   Definitions
      At line 20 in file main.s
   Uses
      None
Comment: GPIO_PORTF_PUR_R unused
SYSCTL_RCGCGPIO_R 400FE608

Symbol: SYSCTL_RCGCGPIO_R
   Definitions
      At line 10 in file main.s
   Uses
      None
Comment: SYSCTL_RCGCGPIO_R unused
10 symbols
343 symbols in table
