


ARM Macro Assembler    Page 1 


    1 00000000         ;TIMER INIT
    2 00000000         ;VARIABLES
    3 00000000         ; NVIC REGISTERS
    4 00000000 E000E010 
                       NVIC_ST_CTRL_R
                               EQU              0xE000E010
    5 00000000 E000E014 
                       NVIC_ST_RELOAD_R
                               EQU              0xE000E014
    6 00000000 E000E018 
                       NVIC_ST_CURRENT_R
                               EQU              0xE000E018
    7 00000000 000F4240 
                       TIME_12MS
                               EQU              1000000
    8 00000000 00013880 
                       TIME_1MS
                               EQU              80000
    9 00000000         
   10 00000000                 AREA             |.text|, CODE, READONLY, ALIGN 
= 2
   11 00000000                 THUMB
   12 00000000                 EXPORT           TIMER_INIT
   13 00000000                 EXPORT           TIMER_12MS
   14 00000000                 EXPORT           TIMER_1MS
   15 00000000         
   16 00000000         TIMER_INIT
   17 00000000 4916            LDR              R1, =NVIC_ST_CTRL_R
   18 00000002 F04F 0000       MOV              R0, #0
   19 00000006 6008            STR              R0, [R1]
   20 00000008 4915            LDR              R1, =NVIC_ST_RELOAD_R
   21 0000000A 4816            LDR              R0, =0x00FFFFFF
   22 0000000C 6008            STR              R0, [R1]
   23 0000000E 4916            LDR              R1, =NVIC_ST_CURRENT_R
   24 00000010 F04F 0000       MOV              R0, #0
   25 00000014 6008            STR              R0, [R1]
   26 00000016 4911            LDR              R1, =NVIC_ST_CTRL_R
   27 00000018 F04F 0005       MOV              R0, #0x05
   28 0000001C 6008            STR              R0, [R1]
   29 0000001E 4770            BX               LR
   30 00000020         
   31 00000020         TIMER_WAIT
   32 00000020 490F            LDR              R1, =NVIC_ST_RELOAD_R
   33 00000022 F1A0 0001       SUB              R0, #1
   34 00000026 6008            STR              R0, [R1]
   35 00000028 490C            LDR              R1, =NVIC_ST_CTRL_R
   36 0000002A         TIMER_WAIT_LOOP
   37 0000002A 680B            LDR              R3, [R1]
   38 0000002C F413 3380       ANDS             R3, R3, #0x00010000
   39 00000030 D0FB            BEQ              TIMER_WAIT_LOOP
   40 00000032 4770            BX               LR
   41 00000034         
   42 00000034         TIMER_12MS
   43 00000034 B510            PUSH             {R4, LR}
   44 00000036 0004            MOVS             R4, R0
   45 00000038 D004            BEQ              TIMER_12MS_DONE
   46 0000003A         TIMER_12MS_LOOP
   47 0000003A 480C            LDR              R0, =TIME_12MS
   48 0000003C F7FF FFF0       BL               TIMER_WAIT



ARM Macro Assembler    Page 2 


   49 00000040 1E64            SUBS             R4, R4, #1
   50 00000042 D8FA            BHI              TIMER_12MS_LOOP
   51 00000044         TIMER_12MS_DONE
   52 00000044 BD10            POP              {R4, PC}
   53 00000046 4770            BX               LR
   54 00000048         
   55 00000048         TIMER_1MS
   56 00000048 B510            PUSH             {R4, LR}
   57 0000004A 0004            MOVS             R4, R0
   58 0000004C D004            BEQ              TIMER_1MS_DONE
   59 0000004E         TIMER_1MS_LOOP
   60 0000004E 4808            LDR              R0, =TIME_1MS
   61 00000050 F7FF FFE6       BL               TIMER_WAIT
   62 00000054 1E64            SUBS             R4, R4, #1
   63 00000056 D8FA            BHI              TIMER_1MS_LOOP
   64 00000058         TIMER_1MS_DONE
   65 00000058 BD10            POP              {R4, PC}
   66 0000005A 4770            BX               LR
   67 0000005C         
   68 0000005C                 ALIGN
   69 0000005C                 END
              E000E010 
              E000E014 
              00FFFFFF 
              E000E018 
              000F4240 
              00013880 
Command Line: --debug --xref --cpu=Cortex-M4 --apcs=interwork --depend=.\timer.
d -o.\timer.o -IC:\Keil\ARM\RV31\INC -IC:\Keil\ARM\CMSIS\Include -IC:\Keil\ARM\
Inc\Luminary --predefine="__EVAL SETA 1" --list=.\timer.lst TIMER.s



ARM Macro Assembler    Page 1 Alphabetic symbol ordering
Relocatable symbols

.text 00000000

Symbol: .text
   Definitions
      At line 10 in file TIMER.s
   Uses
      None
Comment: .text unused
TIMER_12MS 00000034

Symbol: TIMER_12MS
   Definitions
      At line 42 in file TIMER.s
   Uses
      At line 13 in file TIMER.s
Comment: TIMER_12MS used once
TIMER_12MS_DONE 00000044

Symbol: TIMER_12MS_DONE
   Definitions
      At line 51 in file TIMER.s
   Uses
      At line 45 in file TIMER.s
Comment: TIMER_12MS_DONE used once
TIMER_12MS_LOOP 0000003A

Symbol: TIMER_12MS_LOOP
   Definitions
      At line 46 in file TIMER.s
   Uses
      At line 50 in file TIMER.s
Comment: TIMER_12MS_LOOP used once
TIMER_1MS 00000048

Symbol: TIMER_1MS
   Definitions
      At line 55 in file TIMER.s
   Uses
      At line 14 in file TIMER.s
Comment: TIMER_1MS used once
TIMER_1MS_DONE 00000058

Symbol: TIMER_1MS_DONE
   Definitions
      At line 64 in file TIMER.s
   Uses
      At line 58 in file TIMER.s
Comment: TIMER_1MS_DONE used once
TIMER_1MS_LOOP 0000004E

Symbol: TIMER_1MS_LOOP
   Definitions
      At line 59 in file TIMER.s
   Uses
      At line 63 in file TIMER.s
Comment: TIMER_1MS_LOOP used once
TIMER_INIT 00000000

Symbol: TIMER_INIT



ARM Macro Assembler    Page 2 Alphabetic symbol ordering
Relocatable symbols

   Definitions
      At line 16 in file TIMER.s
   Uses
      At line 12 in file TIMER.s
Comment: TIMER_INIT used once
TIMER_WAIT 00000020

Symbol: TIMER_WAIT
   Definitions
      At line 31 in file TIMER.s
   Uses
      At line 48 in file TIMER.s
      At line 61 in file TIMER.s

TIMER_WAIT_LOOP 0000002A

Symbol: TIMER_WAIT_LOOP
   Definitions
      At line 36 in file TIMER.s
   Uses
      At line 39 in file TIMER.s
Comment: TIMER_WAIT_LOOP used once
10 symbols



ARM Macro Assembler    Page 1 Alphabetic symbol ordering
Absolute symbols

NVIC_ST_CTRL_R E000E010

Symbol: NVIC_ST_CTRL_R
   Definitions
      At line 4 in file TIMER.s
   Uses
      At line 17 in file TIMER.s
      At line 26 in file TIMER.s
      At line 35 in file TIMER.s

NVIC_ST_CURRENT_R E000E018

Symbol: NVIC_ST_CURRENT_R
   Definitions
      At line 6 in file TIMER.s
   Uses
      At line 23 in file TIMER.s
Comment: NVIC_ST_CURRENT_R used once
NVIC_ST_RELOAD_R E000E014

Symbol: NVIC_ST_RELOAD_R
   Definitions
      At line 5 in file TIMER.s
   Uses
      At line 20 in file TIMER.s
      At line 32 in file TIMER.s

TIME_12MS 000F4240

Symbol: TIME_12MS
   Definitions
      At line 7 in file TIMER.s
   Uses
      At line 47 in file TIMER.s
Comment: TIME_12MS used once
TIME_1MS 00013880

Symbol: TIME_1MS
   Definitions
      At line 8 in file TIMER.s
   Uses
      At line 60 in file TIMER.s
Comment: TIME_1MS used once
5 symbols
348 symbols in table
