


ARM Macro Assembler    Page 1 


    1 00000000         ; Print.s
    2 00000000         ; Student names: change this to your names or look very 
                       silly
    3 00000000         ; Last modification date: change this to the last modifi
                       cation date or look very silly
    4 00000000         ; Runs on LM4F120 or TM4C123
    5 00000000         ; EE319K lab 7 device driver for any LCD
    6 00000000         ;
    7 00000000         ; As part of Lab 7, students need to implement these LCD
                       _OutDec and LCD_OutFix
    8 00000000         ; This driver assumes two low-level LCD functions
    9 00000000         ; ST7735_OutChar   outputs a single 8-bit ASCII characte
                       r
   10 00000000         ; ST7735_OutString outputs a null-terminated string 
   11 00000000         
   12 00000000                 IMPORT           ST7735_OutChar
   13 00000000                 IMPORT           ST7735_OutString
   14 00000000                 EXPORT           LCD_OutDec
   15 00000000                 EXPORT           LCD_OutFix
   16 00000000         
   17 00000000                 PRESERVE8
   18 00000000                 AREA             |.text|, CODE, READONLY, ALIGN=
2
   19 00000000                 THUMB
   20 00000000 00000001 
              0000000A 
              00000064 
              000003E8 
              00002710 Power   DCD              1, 10, 100, 1000, 10000
   21 00000014 000186A0 
              000F4240 
              00989680 
              05F5E100         DCD              100000, 1000000, 10000000, 1000
00000
   22 00000024 3B9ACA00        DCD              1000000000
   23 00000028         
   24 00000028         
   25 00000028         ;-----------------------LCD_OutDec----------------------
                       -
   26 00000028         ; Output a 32-bit number in unsigned decimal format
   27 00000028         ; Input: R0 (call by value) 32-bit unsigned number
   28 00000028         ; Output: none
   29 00000028         ; Invariables: This function must not permanently modify
                        registers R4 to R11
   30 00000028         LCD_OutDec
   31 00000028 E92D 4FF0       PUSH             {R4-R11, LR}
   32 0000002C 4601            MOV              R1, R0      ;n = input
   33 0000002E 4681            MOV              R9, R0      ;n = input
   34 00000030 F04F 060A       MOV              R6, #10
   35 00000034 F04F 0400       MOV              R4, #0      ;c = 0
   36 00000038         ;determine how many digits the number have in R0, store 
                       it in R4
   37 00000038         count
   38 00000038 F104 0401       ADD              R4, #1      ;c++
   39 0000003C FBB1 F1F6       UDIV             R1, R1, R6  ;n = n/10
   40 00000040 2900            CMP              R1, #0
   41 00000042 D1F9            BNE              count       ;keep looping back 
                                                            until 0
   42 00000044         ;digit count finishes



ARM Macro Assembler    Page 2 


   43 00000044         dec_out                              ;start print out th
                                                            e number
   44 00000044 F1A4 0401       SUB              R4, #1      ;c--
   45 00000048 EA4F 0884       LSL              R8, R4, #2  ;R8 = c*4
   46 0000004C 4F29            LDR              R7, =Power  ;R7 = &Power
   47 0000004E F857 7008       LDR              R7, [R7 ,R8] ;R7 = power[c]
   48 00000052 FBB9 F5F7       UDIV             R5, R9, R7  ; R5 = n/R7
   49 00000056 F105 0030       ADD              R0, R5, #0x30 ;convert R5 numbe
                                                            r to ASCII and stor
                                                            e in R0 
   50 0000005A F7FF FFFE       BL               ST7735_OutChar 
                                                            ;print out char R0
   51 0000005E FB05 F507       MUL              R5, R7      ;R5 = R5*m
   52 00000062 EBA9 0905       SUB              R9, R5      ;R9 = n-R5 ;elimina
                                                            ting the digit
   53 00000066 2C00            CMP              R4, #0
   54 00000068 D1EC            BNE              dec_out     ;loop until c=0
   55 0000006A E8BD 8FF0       POP              {R4-R11, PC}
   56 0000006E         ;* * * * * * * * End of LCD_OutDec * * * * * * * *
   57 0000006E         
   58 0000006E         ; -----------------------LCD _OutFix--------------------
                       --
   59 0000006E         ; Output characters to LCD display in fixed-point format
                       
   60 0000006E         ; unsigned decimal, resolution 0.001, range 0.000 to 9.9
                       99
   61 0000006E         ; Inputs:  R0 is an unsigned 32-bit number
   62 0000006E         ; Outputs: none
   63 0000006E         ; E.g., R0=0,    then output "0.000 "
   64 0000006E         ;       R0=3,    then output "0.003 "
   65 0000006E         ;       R0=89,   then output "0.089 "
   66 0000006E         ;       R0=123,  then output "0.123 "
   67 0000006E         ;       R0=9999, then output "9.999 "
   68 0000006E         ;       R0>9999, then output "*.*** "
   69 0000006E         ; Invariables: This function must not permanently modify
                        registers R4 to R11
   70 0000006E         LCD_OutFix
   71 0000006E E92D 4FF0       PUSH             {R4-R11, LR}
   72 00000072 4601            MOV              R1, R0      ;n = input
   73 00000074 4681            MOV              R9, R0      ;n = input
   74 00000076 F04F 060A       MOV              R6, #10
   75 0000007A F04F 0400       MOV              R4, #0      ;c = 0
   76 0000007E         ;determine how many digits the number have in R0, store 
                       it in R4
   77 0000007E         count1
   78 0000007E F104 0401       ADD              R4, #1      ;c++
   79 00000082 FBB1 F1F6       UDIV             R1, R1, R6  ;n = n/10
   80 00000086 2900            CMP              R1, #0
   81 00000088 D1F9            BNE              count1      ;keep looping back 
                                                            until 0
   82 0000008A         ;digit count finishes
   83 0000008A 2C04            CMP              R4, #4
   84 0000008C D81C            BHI              higher4
   85 0000008E F04F 0404       MOV              R4, #4
   86 00000092         out_fix
   87 00000092 F1A4 0401       SUB              R4, #1      ;c--
   88 00000096 EA4F 0884       LSL              R8, R4, #2  ;R8 = c*4
   89 0000009A 4F16            LDR              R7, =Power  ;R7 = &Power
   90 0000009C F857 7008       LDR              R7, [R7 ,R8] ;R7 = power[c]



ARM Macro Assembler    Page 3 


   91 000000A0 FBB9 F5F7       UDIV             R5, R9, R7  ; R5 = n/R7
   92 000000A4 F105 0030       ADD              R0, R5, #0x30 ;convert R5 numbe
                                                            r to ASCII and stor
                                                            e in R0 
   93 000000A8 F7FF FFFE       BL               ST7735_OutChar 
                                                            ;print out char R0
   94 000000AC FB05 F507       MUL              R5, R7      ;R5 = R5*m
   95 000000B0 EBA9 0905       SUB              R9, R5      ;R9 = n-R5 ;elimina
                                                            ting the digit
   96 000000B4 2C03            CMP              R4, #3
   97 000000B6 D002            BEQ              insert
   98 000000B8 2C00            CMP              R4, #0
   99 000000BA D1EA            BNE              out_fix     ;loop until c=0
  100 000000BC E018            B                done
  101 000000BE         insert
  102 000000BE F04F 002E       MOV              R0, #46
  103 000000C2 F7FF FFFE       BL               ST7735_OutChar
  104 000000C6 E7E4            B                out_fix
  105 000000C8         higher4
  106 000000C8 F04F 002A       MOV              R0, #42
  107 000000CC F7FF FFFE       BL               ST7735_OutChar
  108 000000D0 F04F 002E       MOV              R0, #46
  109 000000D4 F7FF FFFE       BL               ST7735_OutChar
  110 000000D8 F04F 002A       MOV              R0, #42
  111 000000DC F7FF FFFE       BL               ST7735_OutChar
  112 000000E0 F04F 002A       MOV              R0, #42
  113 000000E4 F7FF FFFE       BL               ST7735_OutChar
  114 000000E8 F04F 002A       MOV              R0, #42
  115 000000EC F7FF FFFE       BL               ST7735_OutChar
  116 000000F0         done
  117 000000F0 E8BD 8FF0       POP              {R4-R11, PC}
  118 000000F4         
  119 000000F4                 ALIGN
  120 000000F4         ;* * * * * * * * End of LCD_OutFix * * * * * * * *
  121 000000F4         
  122 000000F4                 ALIGN                        ; make sure the end
                                                             of this section is
                                                             aligned
  123 000000F4                 END                          ; end of file
              00000000 
Command Line: --debug --xref --cpu=Cortex-M4 --apcs=interwork --depend=.\print.
d -o.\print.o -IC:\Keil\ARM\RV31\INC -IC:\Keil\ARM\CMSIS\Include -IC:\Keil\ARM\
Inc\Luminary --predefine="__EVAL SETA 1" --list=.\print.lst Print.s



ARM Macro Assembler    Page 1 Alphabetic symbol ordering
Relocatable symbols

.text 00000000

Symbol: .text
   Definitions
      At line 18 in file Print.s
   Uses
      None
Comment: .text unused
LCD_OutDec 00000028

Symbol: LCD_OutDec
   Definitions
      At line 30 in file Print.s
   Uses
      At line 14 in file Print.s
Comment: LCD_OutDec used once
LCD_OutFix 0000006E

Symbol: LCD_OutFix
   Definitions
      At line 70 in file Print.s
   Uses
      At line 15 in file Print.s
Comment: LCD_OutFix used once
Power 00000000

Symbol: Power
   Definitions
      At line 20 in file Print.s
   Uses
      At line 46 in file Print.s
      At line 89 in file Print.s

count 00000038

Symbol: count
   Definitions
      At line 37 in file Print.s
   Uses
      At line 41 in file Print.s
Comment: count used once
count1 0000007E

Symbol: count1
   Definitions
      At line 77 in file Print.s
   Uses
      At line 81 in file Print.s
Comment: count1 used once
dec_out 00000044

Symbol: dec_out
   Definitions
      At line 43 in file Print.s
   Uses
      At line 54 in file Print.s
Comment: dec_out used once
done 000000F0




ARM Macro Assembler    Page 2 Alphabetic symbol ordering
Relocatable symbols

Symbol: done
   Definitions
      At line 116 in file Print.s
   Uses
      At line 100 in file Print.s
Comment: done used once
higher4 000000C8

Symbol: higher4
   Definitions
      At line 105 in file Print.s
   Uses
      At line 84 in file Print.s
Comment: higher4 used once
insert 000000BE

Symbol: insert
   Definitions
      At line 101 in file Print.s
   Uses
      At line 97 in file Print.s
Comment: insert used once
out_fix 00000092

Symbol: out_fix
   Definitions
      At line 86 in file Print.s
   Uses
      At line 99 in file Print.s
      At line 104 in file Print.s

11 symbols



ARM Macro Assembler    Page 1 Alphabetic symbol ordering
External symbols

ST7735_OutChar 00000000

Symbol: ST7735_OutChar
   Definitions
      At line 12 in file Print.s
   Uses
      At line 50 in file Print.s
      At line 93 in file Print.s
      At line 103 in file Print.s
      At line 107 in file Print.s
      At line 109 in file Print.s
      At line 111 in file Print.s
      At line 113 in file Print.s
      At line 115 in file Print.s

ST7735_OutString 00000000

Symbol: ST7735_OutString
   Definitions
      At line 13 in file Print.s
   Uses
      None
Comment: ST7735_OutString unused
2 symbols
346 symbols in table
