


ARM Macro Assembler    Page 1 


    1 00000000         ;****************** main.s ***************
    2 00000000         ; Program written by: Your Name
    3 00000000         ; Date Created: 1/15/2017 
    4 00000000         ; Last Modified: 1/15/2017 
    5 00000000         ; Brief description of the program
    6 00000000         ; The objective of this system is to implement a Car doo
                       r signal system
    7 00000000         ; Hardware connections: Inputs are negative logic; outpu
                       t is positive logic
    8 00000000         ;  PF0 is right-door input sensor (1 means door is open,
                        0 means door is closed)
    9 00000000         ;  PF4 is left-door input sensor (1 means door is open, 
                       0 means door is closed)
   10 00000000         ;  PF3 is Safe (Green) LED signal - ON when both doors a
                       re closed, otherwise OFF
   11 00000000         ;  PF1 is Unsafe (Red) LED signal - ON when either (or b
                       oth) doors are open, otherwise OFF
   12 00000000         ; The specific operation of this system 
   13 00000000         ;   Turn Unsafe LED signal ON if any or both doors are o
                       pen, otherwise turn the Safe LED signal ON
   14 00000000         ;   Only one of the two LEDs must be ON at any time.
   15 00000000         ; NOTE: Do not use any conditional branches in your solu
                       tion. 
   16 00000000         ;       We want you to think of the solution in terms of
                        logical and shift operations
   17 00000000         
   18 00000000 400253FC 
                       GPIO_PORTF_DATA_R
                               EQU              0x400253FC
   19 00000000 40025400 
                       GPIO_PORTF_DIR_R
                               EQU              0x40025400
   20 00000000 40025420 
                       GPIO_PORTF_AFSEL_R
                               EQU              0x40025420
   21 00000000 40025510 
                       GPIO_PORTF_PUR_R
                               EQU              0x40025510
   22 00000000 4002551C 
                       GPIO_PORTF_DEN_R
                               EQU              0x4002551C
   23 00000000 40025520 
                       GPIO_PORTF_LOCK_R
                               EQU              0x40025520
   24 00000000 40025524 
                       GPIO_PORTF_CR_R
                               EQU              0x40025524
   25 00000000 40025528 
                       GPIO_PORTF_AMSEL_R
                               EQU              0x40025528
   26 00000000 4002552C 
                       GPIO_PORTF_PCTL_R
                               EQU              0x4002552C
   27 00000000 4C4F434B 
                       GPIO_LOCK_KEY
                               EQU              0x4C4F434B  ; Unlocks the GPIO_
                                                            CR register
   28 00000000 400FE608 
                       SYSCTL_RCGCGPIO_R



ARM Macro Assembler    Page 2 


                               EQU              0x400FE608
   29 00000000                 THUMB
   30 00000000                 AREA             DATA, ALIGN=2
   31 00000000         ;global variables go here
   32 00000000                 ALIGN
   33 00000000                 AREA             |.text|, CODE, READONLY, ALIGN=
2
   34 00000000                 EXPORT           Start
   35 00000000         Start
   36 00000000         
   37 00000000         loop
   38 00000000         
   39 00000000 E7FE            B                loop
   40 00000002         
   41 00000002 00 00           ALIGN                        ; make sure the end
                                                             of this section is
                                                             aligned
   42 00000004                 END                          ; end of file
Command Line: --debug --xref --cpu=Cortex-M4 --apcs=interwork --depend=.\main.d
 -o.\main.o -IC:\Keil\ARM\RV31\INC -IC:\Keil\ARM\CMSIS\Include -IC:\Keil\ARM\In
c\Luminary --predefine="__EVAL SETA 1" --list=.\main.lst main.s



ARM Macro Assembler    Page 1 Alphabetic symbol ordering
Relocatable symbols

DATA 00000000

Symbol: DATA
   Definitions
      At line 30 in file main.s
   Uses
      None
Comment: DATA unused
1 symbol



ARM Macro Assembler    Page 1 Alphabetic symbol ordering
Relocatable symbols

.text 00000000

Symbol: .text
   Definitions
      At line 33 in file main.s
   Uses
      None
Comment: .text unused
Start 00000000

Symbol: Start
   Definitions
      At line 35 in file main.s
   Uses
      At line 34 in file main.s
Comment: Start used once
loop 00000000

Symbol: loop
   Definitions
      At line 37 in file main.s
   Uses
      At line 39 in file main.s
Comment: loop used once
3 symbols



ARM Macro Assembler    Page 1 Alphabetic symbol ordering
Absolute symbols

GPIO_LOCK_KEY 4C4F434B

Symbol: GPIO_LOCK_KEY
   Definitions
      At line 27 in file main.s
   Uses
      None
Comment: GPIO_LOCK_KEY unused
GPIO_PORTF_AFSEL_R 40025420

Symbol: GPIO_PORTF_AFSEL_R
   Definitions
      At line 20 in file main.s
   Uses
      None
Comment: GPIO_PORTF_AFSEL_R unused
GPIO_PORTF_AMSEL_R 40025528

Symbol: GPIO_PORTF_AMSEL_R
   Definitions
      At line 25 in file main.s
   Uses
      None
Comment: GPIO_PORTF_AMSEL_R unused
GPIO_PORTF_CR_R 40025524

Symbol: GPIO_PORTF_CR_R
   Definitions
      At line 24 in file main.s
   Uses
      None
Comment: GPIO_PORTF_CR_R unused
GPIO_PORTF_DATA_R 400253FC

Symbol: GPIO_PORTF_DATA_R
   Definitions
      At line 18 in file main.s
   Uses
      None
Comment: GPIO_PORTF_DATA_R unused
GPIO_PORTF_DEN_R 4002551C

Symbol: GPIO_PORTF_DEN_R
   Definitions
      At line 22 in file main.s
   Uses
      None
Comment: GPIO_PORTF_DEN_R unused
GPIO_PORTF_DIR_R 40025400

Symbol: GPIO_PORTF_DIR_R
   Definitions
      At line 19 in file main.s
   Uses
      None
Comment: GPIO_PORTF_DIR_R unused
GPIO_PORTF_LOCK_R 40025520

Symbol: GPIO_PORTF_LOCK_R



ARM Macro Assembler    Page 2 Alphabetic symbol ordering
Absolute symbols

   Definitions
      At line 23 in file main.s
   Uses
      None
Comment: GPIO_PORTF_LOCK_R unused
GPIO_PORTF_PCTL_R 4002552C

Symbol: GPIO_PORTF_PCTL_R
   Definitions
      At line 26 in file main.s
   Uses
      None
Comment: GPIO_PORTF_PCTL_R unused
GPIO_PORTF_PUR_R 40025510

Symbol: GPIO_PORTF_PUR_R
   Definitions
      At line 21 in file main.s
   Uses
      None
Comment: GPIO_PORTF_PUR_R unused
SYSCTL_RCGCGPIO_R 400FE608

Symbol: SYSCTL_RCGCGPIO_R
   Definitions
      At line 28 in file main.s
   Uses
      None
Comment: SYSCTL_RCGCGPIO_R unused
11 symbols
346 symbols in table
